<?xml version="1.0" encoding="UTF-8"?>
<testng-results ignored="0" total="1" passed="1" failed="0" skipped="0">
  <reporter-output>
  </reporter-output>
  <suite started-at="2024-04-15T17:58:04 IST" name="Default suite" finished-at="2024-04-15T17:58:07 IST" duration-ms="3074">
    <groups>
    </groups>
    <test started-at="2024-04-15T17:58:04 IST" name="Default test" finished-at="2024-04-15T17:58:07 IST" duration-ms="3074">
      <class name="JiraTest">
        <test-method signature="jiraWorking()[pri:0, instance:JiraTest@d9345cd]" started-at="2024-04-15T17:58:04 IST" name="jiraWorking" finished-at="2024-04-15T17:58:07 IST" duration-ms="3028" status="PASS">
          <reporter-output>
          </reporter-output>
        </test-method> <!-- jiraWorking -->
      </class> <!-- JiraTest -->
    </test> <!-- Default test -->
  </suite> <!-- Default suite -->
</testng-results>
